converged SCF energy = -275.074437461017

WARN: Ground state SCF is not converged

Excited State energies (eV)
[8.19153619e-01 8.19153619e-01 3.21042718e+00 3.60218269e+00
 3.81063705e+00 3.81063726e+00 4.79683649e+00 4.79683649e+00
 5.10304426e+00 5.41207756e+00 5.41207756e+00 5.50469853e+00
 5.50469853e+00 6.24903135e+00 6.65950291e+00 6.69354005e+00
 6.69354006e+00 6.73188623e+00 6.73188623e+00 6.76805962e+00
 6.88264762e+00 6.88264762e+00 7.12241723e+00 7.31339199e+00
 7.31339199e+00 7.47578117e+00 7.72510796e+00 7.72510823e+00
 8.16289900e+00 8.16289923e+00 8.27105449e+00 8.27105449e+00
 8.46895385e+00 8.97251405e+00 8.97251405e+00 9.38477817e+00
 9.38477817e+00 9.58833863e+00 1.05860713e+01 1.28847459e+01
 1.28847459e+01 1.46218155e+01 1.48420943e+01 1.49101294e+01
 1.49101294e+01 1.49162120e+01 1.49162120e+01 1.51018732e+01
 1.52517755e+01 1.52517755e+01 1.53507002e+01 1.53507002e+01
 1.54795766e+01 1.55204921e+01 1.55204921e+01 1.56602469e+01
 1.56602469e+01 1.60401937e+01 1.62325761e+01 1.63838826e+01
 1.65922265e+01 1.65922265e+01 1.66351490e+01 1.67690300e+01
 1.67690303e+01 1.69602874e+01 1.69602916e+01 1.72380981e+01
 1.72380981e+01 1.74886224e+01 1.77912166e+01 1.77912166e+01
 1.78392215e+01 1.78392215e+01 1.78836662e+01 1.78836662e+01
 1.80635476e+01 1.80635480e+01 1.82915788e+01 1.82915788e+01
 1.86965843e+01 1.86965843e+01 1.87935122e+01 1.87935122e+01
 1.89925701e+01 1.91904382e+01 1.91904401e+01 1.93783997e+01
 1.93783997e+01 2.01130556e+01 2.01619056e+01 2.04707163e+01
 2.12845057e+01 2.14031829e+01 2.14031829e+01 2.14111172e+01
 2.14111175e+01 2.16113963e+01 2.16113964e+01 2.20666738e+01
 2.24999974e+01 2.24999974e+01 2.30102847e+01 2.32733604e+01
 2.32733604e+01 2.46607836e+01 2.76001166e+01 2.78782737e+01
 2.78782737e+01 2.91337244e+01 2.96302031e+01 2.96302031e+01
 2.98267440e+01 2.99315892e+01 2.99315942e+01 3.01306403e+01
 3.01306403e+01 3.02784643e+01 3.04016756e+01 3.04016756e+01
 3.17310989e+01 3.17310989e+01 3.24797573e+01 3.24797592e+01
 3.25216257e+01 3.25477403e+01 3.25477403e+01 3.37619385e+01
 3.63730113e+01 3.63730113e+01 3.82793430e+01 3.82793430e+01
 3.87989987e+01 3.87990262e+01 3.88941489e+01 3.88941489e+01
 4.06740577e+01 4.07353870e+01 4.07353871e+01 4.08210008e+01
 4.08210008e+01 4.08631897e+01 4.12578483e+01 4.22537564e+01
 4.22537564e+01 4.27532938e+01 4.27532938e+01 4.29102367e+01
 4.34745190e+01 4.35268674e+01 4.35268674e+01 4.37519210e+01
 4.41579046e+01 4.42487985e+01 4.42487990e+01 4.49871098e+01
 4.54836386e+01 4.55950902e+01 4.55950902e+01 4.56029568e+01
 4.56029568e+01 4.57184645e+01 4.57184649e+01 4.60990181e+01
 4.64039061e+01 4.64039061e+01 4.64869097e+01 4.64894422e+01
 4.64894422e+01 4.65646279e+01 4.65646280e+01 4.68763406e+01
 4.69631403e+01 4.70480437e+01 4.70480577e+01 4.72273441e+01
 4.72273441e+01 4.75428652e+01 4.75845215e+01 4.75845215e+01
 4.79456858e+01 4.79456887e+01 4.83218901e+01 4.83218901e+01
 4.83571538e+01 4.84920061e+01 4.89221501e+01 4.89221501e+01
 4.94389084e+01 4.94389084e+01 4.95104733e+01 4.95104736e+01
 4.95413264e+01 4.95413264e+01 4.95442299e+01 4.95638831e+01
 4.95638831e+01 4.95854012e+01 4.95854012e+01 4.96273577e+01
 4.96273577e+01 4.99029418e+01 5.01023991e+01 5.01218749e+01
 5.01218749e+01 5.03269268e+01 5.03269268e+01 5.03605082e+01
 5.03903557e+01 5.03903557e+01 5.05328411e+01 5.06317597e+01
 5.18683335e+01 5.18683335e+01 5.19160268e+01 5.33052813e+01
 5.33053110e+01 5.41113823e+01 5.53030427e+01 5.54418222e+01
 5.54418222e+01 5.60144039e+01 5.60144039e+01 5.60638790e+01
 5.75495481e+01 5.75914181e+01 5.75914181e+01 5.77175609e+01
 5.77268213e+01 5.78064833e+01 5.78064833e+01 5.78436714e+01
 5.78436717e+01 5.80537232e+01 5.80537280e+01 5.80973838e+01
 5.81673013e+01 5.81673013e+01 5.82714745e+01 5.82714745e+01
 5.83439722e+01 5.83439722e+01 5.83643036e+01 5.85489091e+01
 5.85489091e+01 5.85673621e+01 5.85673622e+01 5.85932606e+01
 5.86681246e+01 5.86681246e+01 5.90352982e+01 5.90785767e+01
 5.90785767e+01 5.91173031e+01 5.91381946e+01 5.91381946e+01
 5.96274109e+01 5.96274109e+01 5.97596596e+01 6.03040612e+01
 6.03040751e+01 6.04329777e+01 6.04329793e+01 6.04783591e+01
 6.04783591e+01 6.04834498e+01 6.04834498e+01 6.05230531e+01
 6.05230531e+01 6.06426797e+01 6.06426797e+01 6.06958679e+01
 6.06958679e+01 6.07088306e+01 6.07088306e+01 6.10940816e+01
 6.13211912e+01 6.13211912e+01 6.19727034e+01 6.29347804e+01
 6.29347804e+01 6.41692326e+01 6.42010632e+01 6.42010632e+01
 6.42229038e+01 6.42229038e+01 6.42558188e+01 6.43300306e+01
 6.63845257e+01 6.63845257e+01 6.87085690e+01 7.01569962e+01
 7.01569962e+01 7.03028576e+01 7.25386592e+01 7.25386592e+01
 7.28307571e+01 7.34897963e+01 7.64776667e+01 7.94418951e+01
 7.94418951e+01 8.00493982e+01 8.00494258e+01 8.01062740e+01
 8.01062740e+01 8.01247538e+01 8.01247538e+01 8.04473815e+01
 8.11900683e+01 8.12813422e+01 8.19971036e+01 8.19971036e+01
 8.24369096e+01 8.24369099e+01 8.24989774e+01 8.24989774e+01
 8.26322985e+01 8.29916842e+01 8.32610744e+01 8.32610744e+01
 8.35587846e+01 8.40786848e+01 8.40786848e+01 8.47233857e+01
 8.47357515e+01 8.47357515e+01 8.57455346e+01 8.57455346e+01
 8.57766852e+01 8.63315620e+01 8.63315620e+01 8.63592460e+01
 8.63702696e+01 8.63864416e+01 8.63864416e+01 8.83045133e+01
 8.83683656e+01 8.83867510e+01 8.83867589e+01 8.87518029e+01
 8.87518029e+01 8.90219371e+01 8.90219424e+01 8.92480575e+01
 8.94743711e+01 8.94743711e+01 8.97254168e+01 8.97254168e+01
 8.98478673e+01 9.02205900e+01 9.02205908e+01 9.04392718e+01
 9.06220342e+01 9.06220342e+01 9.07442078e+01 9.07442078e+01
 9.09311292e+01 9.09311295e+01 9.10216558e+01 9.10216740e+01
 9.10571385e+01 9.10571431e+01 9.11533075e+01 9.13203780e+01
 9.13203780e+01 9.14707721e+01 9.14811511e+01 9.14811511e+01
 9.15945682e+01 9.15945682e+01 9.18482801e+01 9.18482801e+01
 9.20029085e+01 9.20372702e+01 9.20372702e+01 9.27107393e+01
 9.27107493e+01 9.33508505e+01 9.33508523e+01 9.35664484e+01
 9.35664484e+01 9.36818608e+01 9.36818879e+01 9.39410768e+01
 9.42667281e+01 9.42667281e+01 9.43293878e+01 9.44628244e+01
 9.44628244e+01 9.50785522e+01 9.52169672e+01 9.52169672e+01
 9.55399611e+01 9.67438047e+01 9.70937430e+01 9.70937430e+01
 1.02352275e+02 1.02483877e+02 1.02483877e+02 1.03252188e+02
 1.04923886e+02 1.04923886e+02 1.05693799e+02 1.05790103e+02
 1.05790103e+02 1.06101896e+02 1.06101906e+02 1.06918510e+02
 1.08261193e+02 1.08261193e+02 1.08910032e+02 1.08910032e+02
 1.09963732e+02 1.10656093e+02 1.10656337e+02 1.10717297e+02
 1.10717297e+02 1.11015228e+02 1.12829926e+02 1.12829926e+02
 1.12981760e+02 1.12981788e+02 1.14812956e+02 1.15236990e+02
 1.15998439e+02 1.15998443e+02 1.17749327e+02 1.17749327e+02
 1.19164362e+02 1.19263144e+02 1.19263144e+02 1.19531899e+02
 1.19531899e+02 1.19558377e+02 1.20978309e+02 1.21905408e+02
 1.21905408e+02 1.22767202e+02 1.22767216e+02 1.23062563e+02
 1.23062563e+02 1.23469483e+02 1.23469483e+02 1.25765978e+02
 1.26483274e+02 1.26688644e+02 1.26688900e+02 1.32425839e+02
 1.32425839e+02 1.32740202e+02 1.32740202e+02 1.32786601e+02
 1.32786601e+02 1.32786754e+02 1.32786754e+02 1.32833402e+02
 1.32833414e+02 1.32873285e+02 1.32873285e+02 1.32876594e+02
 1.32876594e+02 1.34887636e+02 1.34959353e+02 1.34959353e+02
 1.35025394e+02 1.35025394e+02 1.35166362e+02 1.35727677e+02
 1.35753375e+02 1.35753375e+02 1.37874717e+02 1.38303954e+02
 1.41913303e+02 1.42326331e+02 1.43401162e+02 1.43401176e+02
 1.43731520e+02 1.43731520e+02 1.47242753e+02 1.47242753e+02
 1.47838801e+02 1.48779840e+02 1.51714180e+02 1.51714428e+02
 1.51759848e+02 1.51759848e+02 1.51760276e+02 1.51760276e+02
 1.55235665e+02 1.55235665e+02 1.57665304e+02 1.57665304e+02
 1.57697683e+02 1.57703187e+02 1.57703187e+02 1.57719538e+02
 1.58348186e+02 1.58348186e+02 1.59896153e+02 1.64405050e+02
 1.64405050e+02 1.64507308e+02 1.65659097e+02 1.65659097e+02
 1.65746290e+02 1.65746302e+02 1.67887084e+02 1.67887084e+02
 1.68631877e+02 1.70836972e+02 1.80430967e+02 1.84632317e+02
 1.84632564e+02 1.84753623e+02 1.84753623e+02 1.84798030e+02
 1.84798809e+02 1.84798809e+02 1.84800744e+02 1.90577081e+02
 1.90577081e+02 1.97240124e+02 1.97267376e+02 1.97267376e+02
 1.97387313e+02 2.17671448e+02 2.17671448e+02 2.18258470e+02
 2.18258470e+02 2.18293631e+02 2.18293631e+02 2.18879946e+02
 2.18923144e+02 2.18923144e+02 2.19030676e+02 2.19703520e+02
 2.19703550e+02 2.20401480e+02 2.20401480e+02 2.23361445e+02
 2.23361445e+02 2.24842894e+02 2.30140786e+02 2.32993374e+02
 2.32993404e+02 2.33709984e+02 2.33709984e+02 2.38168340e+02
 2.39286487e+02 2.39286487e+02 2.41031851e+02 2.44970012e+02
 2.44970012e+02 2.45326276e+02 2.45326410e+02 2.45489781e+02
 2.45550146e+02 2.45550146e+02 2.45620472e+02 2.45620921e+02
 2.46464749e+02 2.46464749e+02 2.46476589e+02 2.46476921e+02
 2.46501773e+02 2.46501773e+02 2.47026257e+02 2.47032740e+02
 2.47476717e+02 2.47789498e+02 2.47789841e+02 2.48190191e+02
 2.48190191e+02 2.48250573e+02 2.48250573e+02 2.54363718e+02
 2.54907193e+02 2.54907193e+02 2.56525536e+02 2.60670442e+02
 2.60670999e+02 2.61079862e+02 2.61079862e+02 2.61287345e+02
 2.61287366e+02 2.61601879e+02 2.61608807e+02 2.61708339e+02
 2.61708339e+02 2.61764673e+02 2.62910665e+02 2.62910665e+02
 2.65517923e+02 2.65517923e+02 2.65841268e+02 2.65841276e+02
 2.68297619e+02 2.68508150e+02 2.68508150e+02 2.70117070e+02
 2.82270506e+02 2.82445316e+02 2.82445316e+02 2.84795788e+02
 2.84795788e+02 2.85982119e+02 2.87294844e+02 2.87295391e+02
 2.87340702e+02 2.87340702e+02 2.87386446e+02 2.87386446e+02
 2.87730161e+02 2.87730161e+02 2.87775617e+02 2.87775617e+02
 2.87775727e+02 2.87775728e+02 2.88290436e+02 2.88297369e+02
 2.88337388e+02 2.88337388e+02 2.88344321e+02 2.88344321e+02
 2.88374508e+02 2.88454862e+02 2.88454862e+02 2.89316875e+02
 2.89316875e+02 2.90865811e+02 2.98887177e+02 2.99760330e+02
 2.99760330e+02 3.00444930e+02 3.00444959e+02 3.00843339e+02
 3.00843339e+02 3.01482507e+02 3.01482507e+02 3.01682970e+02
 3.01683673e+02 3.02055034e+02 3.02066732e+02 3.02066749e+02
 3.02289084e+02 3.02289084e+02 3.02604876e+02 3.02604876e+02
 3.03272023e+02 3.03272151e+02 3.04989686e+02 3.05053593e+02
 3.05237412e+02 3.05237849e+02 3.05670461e+02 3.05670461e+02
 3.12102576e+02 3.12102576e+02 3.14140586e+02 3.17474321e+02
 3.17474321e+02 3.17630021e+02 3.17630171e+02 3.17955662e+02
 3.18964149e+02 3.18964149e+02 3.20216067e+02 3.20216613e+02
 3.20648185e+02 3.20648185e+02 3.21209887e+02 3.21216820e+02
 3.21433615e+02 3.21433615e+02 3.27610752e+02 3.30212687e+02
 3.30212687e+02 3.30318626e+02 3.30322866e+02 3.31443325e+02
 3.31443325e+02 3.33189774e+02 3.33372227e+02 3.34283185e+02
 3.34283287e+02 3.36698735e+02 3.36996100e+02 3.36996100e+02
 3.39260981e+02 3.39260981e+02 3.42612957e+02 3.43506898e+02
 3.43506898e+02 3.43553399e+02 3.43553399e+02 3.43553419e+02
 3.43553419e+02 3.43591391e+02 3.43591524e+02 3.43636395e+02
 3.43636395e+02 3.43636909e+02 3.43636909e+02 3.44930591e+02
 3.44930591e+02 3.44939783e+02 3.44950243e+02 3.44950243e+02
 3.45003819e+02 3.45246572e+02 3.45250887e+02 3.49722338e+02
 3.49722338e+02 3.50826887e+02 3.50826887e+02 3.51299310e+02
 3.53807124e+02 3.53839456e+02 3.53839456e+02 3.54367076e+02
 3.67008092e+02 3.71508450e+02 3.71512796e+02 3.71555196e+02
 3.71555196e+02 3.71559543e+02 3.71559543e+02 3.76030891e+02
 3.76030891e+02 3.76074501e+02 3.76075121e+02 3.76075121e+02
 3.76076502e+02 3.76425915e+02 3.76425915e+02 3.76508972e+02
 3.76509104e+02 3.77831698e+02 3.77831698e+02 3.80713958e+02
 3.80752936e+02 3.80752936e+02 3.86763614e+02 3.91964971e+02
 3.92000754e+02 3.92000754e+02 4.04427671e+02 4.04432017e+02
 4.08947801e+02 4.08947801e+02 4.13627142e+02 4.24876761e+02
 5.04178798e+02 5.06923917e+02 5.06923917e+02 5.07964199e+02
 5.08588946e+02 5.09865576e+02 5.09865576e+02 5.09876201e+02
 5.09876201e+02 5.10515862e+02 5.10842547e+02 5.10842547e+02
 5.12368568e+02 5.16051008e+02 5.18082001e+02 5.18082001e+02
 5.18113684e+02 5.18377747e+02 5.18377752e+02 5.18693057e+02
 5.18693057e+02 5.18705604e+02 5.19929086e+02 5.19929086e+02
 5.20790395e+02 5.20790397e+02 5.21009285e+02 5.21009285e+02
 5.21732773e+02 5.24570810e+02 5.24570810e+02 5.31475089e+02
 5.33321520e+02 5.40421416e+02 5.40421444e+02 5.42289600e+02
 5.43887886e+02 5.43887886e+02 5.45712461e+02 5.46937377e+02
 5.46937377e+02 5.48755807e+02 5.48755821e+02 5.48881080e+02
 5.48881080e+02 5.51109250e+02 5.51109250e+02 5.52570415e+02
 5.61801830e+02 5.69223291e+02 5.93107948e+02 5.93107948e+02
 5.93193919e+02 5.93193931e+02 5.95218970e+02 5.95218970e+02
 6.00327453e+02 6.07841627e+02 6.12177585e+02 6.12177839e+02
 6.18137873e+02 6.18137873e+02 6.25373963e+02 6.53552561e+02
 6.53552561e+02 6.65448086e+02 7.21442206e+02 7.21442236e+02
 7.22085825e+02 7.22085825e+02 7.26533279e+02 7.42189371e+02
 7.47662927e+02 7.47663474e+02 7.48103069e+02 7.48103069e+02
 7.48664870e+02 7.48671802e+02 7.48702171e+02 7.48702171e+02
 7.57597117e+02 8.04000302e+02 8.04000302e+02 8.04085589e+02
 8.04085723e+02 8.05396916e+02 8.05396916e+02 8.14290239e+02
 8.33306348e+02 8.33310686e+02 8.37823961e+02 8.37823961e+02
 8.42616666e+02 8.67393125e+02 9.35294343e+02 9.35294343e+02
 9.36764532e+02 9.50043874e+02 9.81111140e+02 9.81154930e+02
 9.81154930e+02 1.01663306e+03 1.25497117e+03 1.25796155e+03
 1.25796155e+03 1.25897877e+03 1.25974777e+03 1.26096137e+03
 1.26096137e+03 1.26102583e+03 1.26102583e+03 1.26151926e+03
 1.26179204e+03 1.26179204e+03 1.26327493e+03 1.26749003e+03
 1.26899916e+03 1.26920516e+03 1.26920516e+03 1.26946322e+03
 1.26946323e+03 1.26973348e+03 1.26992838e+03 1.26992838e+03
 1.27054084e+03 1.27054084e+03 1.27187535e+03 1.27187535e+03
 1.27209444e+03 1.27209444e+03 1.27276269e+03 1.27557604e+03
 1.27557604e+03 1.28041209e+03 1.28041209e+03 1.28157079e+03
 1.28159081e+03 1.28393191e+03 1.29149805e+03 1.29149807e+03
 1.29375443e+03 1.29642658e+03 1.29642658e+03 1.29672520e+03
 1.29740554e+03 1.29779773e+03 1.29779773e+03 1.29980339e+03
 1.29980339e+03 1.29984667e+03 1.29984668e+03 1.30126112e+03
 1.30126112e+03 1.30334583e+03 1.31448191e+03 1.32030908e+03
 1.32262383e+03 1.32266936e+03 1.32266936e+03 1.34419233e+03
 1.34419233e+03 1.34427761e+03 1.34427763e+03 1.34631193e+03
 1.34631193e+03 1.34714750e+03 1.35554203e+03 1.35867833e+03
 1.36316537e+03 1.36316562e+03 1.36910417e+03 1.36910417e+03
 1.37582102e+03 1.39620388e+03 1.39620388e+03 1.40866034e+03
 1.43848198e+03 1.47280301e+03 1.47280304e+03 1.47343829e+03
 1.47343829e+03 1.47807002e+03 1.49708844e+03 1.49874149e+03
 1.49874204e+03 1.49918139e+03 1.49918139e+03 1.49974320e+03
 1.49975013e+03 1.49978858e+03 1.49978858e+03 1.51284409e+03
 1.55495922e+03 1.55495922e+03 1.55504191e+03 1.55504205e+03
 1.55634777e+03 1.55634777e+03 1.56533325e+03 1.58296094e+03
 1.58296528e+03 1.58748036e+03 1.58748036e+03 1.59215712e+03
 1.60340680e+03 1.81561202e+03 2.21880748e+03 2.53407608e+03
 5.30841053e+03 5.30841053e+03 5.30985842e+03 5.32315635e+03
 5.35236822e+03 5.35241285e+03 5.35241285e+03 5.38911892e+03
 5.81160859e+03 6.63286643e+03 6.84310658e+03 6.84310658e+03
 6.84440828e+03 6.85952512e+03 6.88579335e+03 6.88583994e+03
 6.88583994e+03 6.91871249e+03 7.38546171e+03 8.09724599e+03]
GW Energy:  -7.096214230198675 -1.8943685678765851
DFT MO energy [eV]: -4.7914798281639115
