converged SCF energy = -275.074437461017
Excited State energies (eV)
[6.73566587e-01 6.73566587e-01 2.86719003e+00 3.60218269e+00
 3.61587866e+00 3.61588033e+00 4.67074142e+00 4.67074142e+00
 4.80756627e+00 5.02380946e+00 5.02380946e+00 5.35288850e+00
 5.35288850e+00 5.92284960e+00 6.54283275e+00 6.54283275e+00
 6.58518317e+00 6.58518363e+00 6.60143712e+00 6.65950291e+00
 6.72267379e+00 6.72267379e+00 6.79719990e+00 7.17002571e+00
 7.17002571e+00 7.46858445e+00 7.46858618e+00 7.47578117e+00
 7.77163206e+00 7.77163299e+00 7.94963387e+00 7.94963387e+00
 8.17848886e+00 8.69532260e+00 8.69532260e+00 9.07179586e+00
 9.07179586e+00 9.16115534e+00 1.02502645e+01 1.27808138e+01
 1.27808138e+01 1.40524704e+01 1.46290597e+01 1.46290597e+01
 1.47471021e+01 1.47471025e+01 1.48060199e+01 1.48420943e+01
 1.49631524e+01 1.49631524e+01 1.51620770e+01 1.51620770e+01
 1.53011731e+01 1.53011731e+01 1.53034966e+01 1.53034984e+01
 1.54795766e+01 1.55099181e+01 1.57384036e+01 1.57384036e+01
 1.58245700e+01 1.60320404e+01 1.60320499e+01 1.61641801e+01
 1.61641840e+01 1.62325761e+01 1.62719826e+01 1.66052647e+01
 1.66052647e+01 1.67578503e+01 1.72941110e+01 1.72941110e+01
 1.74618536e+01 1.74618536e+01 1.74726849e+01 1.74726866e+01
 1.76819829e+01 1.76819841e+01 1.79111555e+01 1.79111555e+01
 1.82743274e+01 1.82743274e+01 1.83308723e+01 1.83308772e+01
 1.83942904e+01 1.83942904e+01 1.86413680e+01 1.86498151e+01
 1.86498151e+01 1.93187882e+01 2.00396783e+01 2.01296201e+01
 2.10932545e+01 2.10932573e+01 2.12845057e+01 2.13945668e+01
 2.13945668e+01 2.14031620e+01 2.14031623e+01 2.18495760e+01
 2.20926651e+01 2.20926651e+01 2.23684163e+01 2.25655990e+01
 2.25655990e+01 2.43468731e+01 2.72506800e+01 2.72506800e+01
 2.75829186e+01 2.83776050e+01 2.95627772e+01 2.95627772e+01
 2.96085493e+01 2.96085493e+01 2.96318788e+01 2.98967201e+01
 2.98967249e+01 3.01424944e+01 3.02702395e+01 3.02702395e+01
 3.13684194e+01 3.13684194e+01 3.17615168e+01 3.23554126e+01
 3.23554140e+01 3.25185483e+01 3.25185483e+01 3.34648269e+01
 3.61546311e+01 3.61546311e+01 3.68843773e+01 3.68843773e+01
 3.83353371e+01 3.83353656e+01 3.85354626e+01 3.85354626e+01
 3.99050878e+01 3.99050878e+01 4.01933289e+01 4.05109059e+01
 4.05109131e+01 4.05685469e+01 4.06740577e+01 4.14848405e+01
 4.14848405e+01 4.23060125e+01 4.23060125e+01 4.25278791e+01
 4.31131508e+01 4.32396601e+01 4.32396710e+01 4.34490102e+01
 4.34490102e+01 4.34745190e+01 4.36550108e+01 4.46232548e+01
 4.51834389e+01 4.51834502e+01 4.53133536e+01 4.53133536e+01
 4.53785800e+01 4.53785800e+01 4.54572201e+01 4.54836386e+01
 4.55701953e+01 4.55701953e+01 4.63599329e+01 4.63599329e+01
 4.63776927e+01 4.63777193e+01 4.64561651e+01 4.64561651e+01
 4.64869097e+01 4.65090421e+01 4.65090427e+01 4.67306398e+01
 4.67306414e+01 4.68210173e+01 4.68884539e+01 4.69631403e+01
 4.75333765e+01 4.75604925e+01 4.75604925e+01 4.82884939e+01
 4.82884939e+01 4.83092962e+01 4.83892829e+01 4.83892829e+01
 4.86516298e+01 4.86516298e+01 4.91155734e+01 4.95059992e+01
 4.95059996e+01 4.95074193e+01 4.95074193e+01 4.95442299e+01
 4.95500674e+01 4.95500674e+01 4.95622204e+01 4.95622205e+01
 4.95751972e+01 4.95751972e+01 4.98710523e+01 5.00908068e+01
 5.01093985e+01 5.01093985e+01 5.03165307e+01 5.03165307e+01
 5.03605082e+01 5.03657030e+01 5.03657031e+01 5.05598938e+01
 5.18337894e+01 5.18337894e+01 5.18753098e+01 5.25161803e+01
 5.25162038e+01 5.25809699e+01 5.42933099e+01 5.53949104e+01
 5.53949104e+01 5.58688026e+01 5.58688026e+01 5.58938721e+01
 5.72967186e+01 5.75401124e+01 5.75847968e+01 5.75847968e+01
 5.76987250e+01 5.76987250e+01 5.77187157e+01 5.77187157e+01
 5.77268213e+01 5.79275088e+01 5.79881581e+01 5.79881581e+01
 5.79895357e+01 5.79895407e+01 5.81602418e+01 5.81602418e+01
 5.82147932e+01 5.82147932e+01 5.82448434e+01 5.82448434e+01
 5.83643036e+01 5.83831909e+01 5.83831920e+01 5.84476628e+01
 5.84868376e+01 5.84868376e+01 5.88514490e+01 5.88514490e+01
 5.90009365e+01 5.90711813e+01 5.90711813e+01 5.91173031e+01
 5.91198777e+01 5.91198778e+01 5.93600324e+01 6.01588814e+01
 6.02365597e+01 6.02365597e+01 6.02616931e+01 6.02617077e+01
 6.04147296e+01 6.04147311e+01 6.04525110e+01 6.04525110e+01
 6.04764821e+01 6.04764821e+01 6.06357933e+01 6.06357933e+01
 6.06645695e+01 6.06645696e+01 6.06852349e+01 6.06852351e+01
 6.12456392e+01 6.12456392e+01 6.17609917e+01 6.20837714e+01
 6.20837714e+01 6.37404529e+01 6.41476120e+01 6.41476122e+01
 6.41615925e+01 6.41615925e+01 6.41692326e+01 6.42401022e+01
 6.54316350e+01 6.54316350e+01 6.73903751e+01 7.00855392e+01
 7.00855392e+01 7.02014850e+01 7.24360012e+01 7.24360012e+01
 7.26120233e+01 7.31373739e+01 7.64278013e+01 7.94114629e+01
 7.94114629e+01 8.00417246e+01 8.00417524e+01 8.00853146e+01
 8.00853146e+01 8.01148250e+01 8.01148250e+01 8.04081579e+01
 8.04379929e+01 8.11725708e+01 8.18482260e+01 8.18482260e+01
 8.21278493e+01 8.24307357e+01 8.24307360e+01 8.24667488e+01
 8.24667488e+01 8.29842368e+01 8.32492470e+01 8.32492470e+01
 8.35587846e+01 8.35820365e+01 8.35820365e+01 8.36630627e+01
 8.36630714e+01 8.46994704e+01 8.49691959e+01 8.52534467e+01
 8.52534467e+01 8.63098252e+01 8.63098252e+01 8.63286898e+01
 8.63559724e+01 8.63559724e+01 8.63592460e+01 8.82047858e+01
 8.82047955e+01 8.82078398e+01 8.82078398e+01 8.82137986e+01
 8.82574490e+01 8.82574490e+01 8.83683656e+01 8.83793493e+01
 8.83793581e+01 8.88107435e+01 8.88108853e+01 8.90455695e+01
 8.90455695e+01 8.90994679e+01 8.95747000e+01 8.95747000e+01
 8.97983954e+01 8.97983968e+01 8.98478673e+01 9.02913501e+01
 9.02913788e+01 9.03547567e+01 9.03547567e+01 9.04257974e+01
 9.04468048e+01 9.06407887e+01 9.06407887e+01 9.09648309e+01
 9.09648321e+01 9.10418329e+01 9.10418767e+01 9.10507940e+01
 9.10678645e+01 9.10678645e+01 9.11422558e+01 9.11422558e+01
 9.15063838e+01 9.15063838e+01 9.19936877e+01 9.19936983e+01
 9.19999947e+01 9.19999947e+01 9.20029085e+01 9.21692550e+01
 9.26486180e+01 9.26486180e+01 9.29956855e+01 9.29956855e+01
 9.33396691e+01 9.33396707e+01 9.34442532e+01 9.34442532e+01
 9.35561444e+01 9.35561444e+01 9.35689879e+01 9.42312041e+01
 9.42976386e+01 9.53577536e+01 9.70572991e+01 9.70572991e+01
 1.01760278e+02 1.01763359e+02 1.01763359e+02 1.03124191e+02
 1.03929287e+02 1.03929287e+02 1.04395079e+02 1.04395079e+02
 1.04503292e+02 1.04503333e+02 1.05193448e+02 1.05653269e+02
 1.06561640e+02 1.06561640e+02 1.08222306e+02 1.08222306e+02
 1.08634607e+02 1.08634607e+02 1.09268917e+02 1.09328153e+02
 1.10000843e+02 1.10001108e+02 1.11472152e+02 1.11472152e+02
 1.12971109e+02 1.12971137e+02 1.14281202e+02 1.14281254e+02
 1.14812956e+02 1.14971216e+02 1.16972650e+02 1.17036521e+02
 1.17036521e+02 1.17204780e+02 1.17204780e+02 1.18563173e+02
 1.19023942e+02 1.19239518e+02 1.19239518e+02 1.21598949e+02
 1.21598949e+02 1.21693704e+02 1.21693704e+02 1.21921459e+02
 1.21921468e+02 1.22951427e+02 1.22951427e+02 1.23804625e+02
 1.24502330e+02 1.24502698e+02 1.25245356e+02 1.30176578e+02
 1.30176578e+02 1.32737637e+02 1.32737637e+02 1.32786122e+02
 1.32786122e+02 1.32786398e+02 1.32786398e+02 1.32818328e+02
 1.32818338e+02 1.32869381e+02 1.32869381e+02 1.32873144e+02
 1.32873144e+02 1.34877508e+02 1.34877512e+02 1.34887636e+02
 1.34909837e+02 1.34909837e+02 1.35025726e+02 1.35704679e+02
 1.35742198e+02 1.35742198e+02 1.36242550e+02 1.36984744e+02
 1.41015081e+02 1.41015120e+02 1.41903505e+02 1.41913303e+02
 1.42836195e+02 1.42836195e+02 1.45360008e+02 1.47043352e+02
 1.47043352e+02 1.47303266e+02 1.51710695e+02 1.51710943e+02
 1.51758777e+02 1.51758777e+02 1.51759329e+02 1.51759329e+02
 1.53823223e+02 1.53823223e+02 1.56520349e+02 1.56520349e+02
 1.56826906e+02 1.57640524e+02 1.57640524e+02 1.57690455e+02
 1.57690456e+02 1.57697683e+02 1.57698443e+02 1.64294098e+02
 1.64307401e+02 1.64307401e+02 1.65658831e+02 1.65658831e+02
 1.65743201e+02 1.65743212e+02 1.67809754e+02 1.67809754e+02
 1.68620236e+02 1.68824271e+02 1.80152672e+02 1.84631700e+02
 1.84631948e+02 1.84747368e+02 1.84747368e+02 1.84795999e+02
 1.84796229e+02 1.84796229e+02 1.84798030e+02 1.90567119e+02
 1.90567119e+02 1.97163856e+02 1.97235315e+02 1.97235315e+02
 1.97266809e+02 2.17669628e+02 2.17669628e+02 2.18213010e+02
 2.18213010e+02 2.18260906e+02 2.18260906e+02 2.18825939e+02
 2.18825954e+02 2.18865310e+02 2.18879946e+02 2.19535064e+02
 2.19535090e+02 2.20138211e+02 2.20138211e+02 2.23251874e+02
 2.23251874e+02 2.24524061e+02 2.30110424e+02 2.32970358e+02
 2.32970388e+02 2.33589271e+02 2.33589271e+02 2.37994060e+02
 2.38541398e+02 2.38541398e+02 2.39666084e+02 2.42754198e+02
 2.42754198e+02 2.42997120e+02 2.42997304e+02 2.43359958e+02
 2.43359958e+02 2.43558430e+02 2.43559651e+02 2.43965933e+02
 2.43965933e+02 2.44369393e+02 2.44724209e+02 2.44724368e+02
 2.45195553e+02 2.45195553e+02 2.45489781e+02 2.45504118e+02
 2.45504331e+02 2.45737275e+02 2.45737275e+02 2.45790100e+02
 2.45790100e+02 2.46550621e+02 2.46557240e+02 2.53020229e+02
 2.53912302e+02 2.53912302e+02 2.55008861e+02 2.57696552e+02
 2.57696628e+02 2.58192534e+02 2.58192534e+02 2.58730012e+02
 2.58730012e+02 2.58822275e+02 2.58830171e+02 2.61106751e+02
 2.61106780e+02 2.61229925e+02 2.61229925e+02 2.61569023e+02
 2.61569023e+02 2.61764673e+02 2.61829469e+02 2.61829471e+02
 2.64231548e+02 2.65706347e+02 2.65706347e+02 2.68186124e+02
 2.78952182e+02 2.78952182e+02 2.80199983e+02 2.82743411e+02
 2.82743411e+02 2.83131625e+02 2.87281803e+02 2.87282344e+02
 2.87334850e+02 2.87334850e+02 2.87358388e+02 2.87358388e+02
 2.87725134e+02 2.87725134e+02 2.87775326e+02 2.87775327e+02
 2.87775494e+02 2.87775494e+02 2.88288508e+02 2.88295440e+02
 2.88337309e+02 2.88337309e+02 2.88344242e+02 2.88344242e+02
 2.88368990e+02 2.88368990e+02 2.88374508e+02 2.88664306e+02
 2.88664306e+02 2.89218503e+02 2.97096352e+02 2.97096384e+02
 2.97464840e+02 2.97620368e+02 2.97620368e+02 2.98070259e+02
 2.98070259e+02 2.98578415e+02 2.98580577e+02 2.98859193e+02
 2.98859193e+02 2.99979714e+02 2.99979829e+02 3.00573885e+02
 3.00573885e+02 3.01157971e+02 3.01158648e+02 3.01319534e+02
 3.01773974e+02 3.01773974e+02 3.01912668e+02 3.02055056e+02
 3.02223148e+02 3.02223455e+02 3.02582583e+02 3.02582583e+02
 3.10181831e+02 3.10181831e+02 3.11170521e+02 3.14228975e+02
 3.14229368e+02 3.14268977e+02 3.14268977e+02 3.15439755e+02
 3.15439755e+02 3.16769036e+02 3.20210078e+02 3.20210624e+02
 3.20647862e+02 3.20647862e+02 3.21209821e+02 3.21216753e+02
 3.21314103e+02 3.21314103e+02 3.24070669e+02 3.26353888e+02
 3.26353888e+02 3.28956130e+02 3.28959937e+02 3.29247996e+02
 3.29247996e+02 3.31793414e+02 3.31902386e+02 3.31903034e+02
 3.32577108e+02 3.33189774e+02 3.33412839e+02 3.33412839e+02
 3.37371319e+02 3.37371319e+02 3.38341029e+02 3.42144180e+02
 3.42148756e+02 3.43504564e+02 3.43504564e+02 3.43553270e+02
 3.43553270e+02 3.43553330e+02 3.43553330e+02 3.43584941e+02
 3.43585076e+02 3.43635492e+02 3.43635492e+02 3.43636107e+02
 3.43636107e+02 3.44895963e+02 3.44895963e+02 3.44935037e+02
 3.44935038e+02 3.44939783e+02 3.44970268e+02 3.46466434e+02
 3.46466434e+02 3.47824866e+02 3.47824866e+02 3.49483978e+02
 3.51076836e+02 3.53667506e+02 3.53734829e+02 3.53734829e+02
 3.63998405e+02 3.71505962e+02 3.71510308e+02 3.71554941e+02
 3.71554941e+02 3.71559289e+02 3.71559289e+02 3.76021284e+02
 3.76021284e+02 3.76072402e+02 3.76072850e+02 3.76072850e+02
 3.76074501e+02 3.76425818e+02 3.76425818e+02 3.76508145e+02
 3.76508277e+02 3.77815277e+02 3.77815277e+02 3.80681503e+02
 3.80741094e+02 3.80741094e+02 3.86651465e+02 3.91941064e+02
 3.91989577e+02 3.91989577e+02 4.04427488e+02 4.04431833e+02
 4.08945835e+02 4.08945835e+02 4.13614077e+02 4.24864130e+02
 5.03991377e+02 5.06879274e+02 5.06879274e+02 5.07937627e+02
 5.08585447e+02 5.09865339e+02 5.09865339e+02 5.09876195e+02
 5.09876195e+02 5.10479862e+02 5.10778709e+02 5.10778709e+02
 5.12321417e+02 5.16043984e+02 5.18039811e+02 5.18070446e+02
 5.18070446e+02 5.18377734e+02 5.18377739e+02 5.18634463e+02
 5.18690472e+02 5.18690472e+02 5.19725324e+02 5.19725324e+02
 5.20790195e+02 5.20790197e+02 5.21009285e+02 5.21009285e+02
 5.21695874e+02 5.24535440e+02 5.24535440e+02 5.31192599e+02
 5.33122623e+02 5.40412495e+02 5.40412523e+02 5.42244368e+02
 5.43884831e+02 5.43884831e+02 5.45640921e+02 5.46841950e+02
 5.46841950e+02 5.48755699e+02 5.48755713e+02 5.48817854e+02
 5.48817854e+02 5.50671453e+02 5.50671453e+02 5.52331158e+02
 5.61714863e+02 5.69025284e+02 5.93106930e+02 5.93106930e+02
 5.93192164e+02 5.93192176e+02 5.95212232e+02 5.95212232e+02
 5.99418150e+02 6.07627869e+02 6.12079030e+02 6.12079278e+02
 6.18023850e+02 6.18023850e+02 6.24994040e+02 6.49524412e+02
 6.49524412e+02 6.61561701e+02 7.21442168e+02 7.21442198e+02
 7.22084727e+02 7.22084727e+02 7.26524950e+02 7.42173902e+02
 7.47641784e+02 7.47642336e+02 7.48082411e+02 7.48082411e+02
 7.48644803e+02 7.48651722e+02 7.48680726e+02 7.48680726e+02
 7.57567352e+02 8.03717003e+02 8.03717003e+02 8.03790881e+02
 8.03790969e+02 8.05087097e+02 8.05087097e+02 8.13887161e+02
 8.31400974e+02 8.31405236e+02 8.35875976e+02 8.35875976e+02
 8.40692153e+02 8.62589127e+02 9.35251557e+02 9.35251557e+02
 9.36602792e+02 9.49992872e+02 9.76630845e+02 9.76638359e+02
 9.76638359e+02 1.01293446e+03 1.25491980e+03 1.25793667e+03
 1.25793667e+03 1.25897312e+03 1.25972584e+03 1.26096135e+03
 1.26096135e+03 1.26099816e+03 1.26099816e+03 1.26151689e+03
 1.26178194e+03 1.26178194e+03 1.26325986e+03 1.26740961e+03
 1.26899642e+03 1.26918207e+03 1.26918207e+03 1.26946297e+03
 1.26946298e+03 1.26970153e+03 1.26986628e+03 1.26986628e+03
 1.27053301e+03 1.27053301e+03 1.27187534e+03 1.27187535e+03
 1.27209444e+03 1.27209444e+03 1.27272019e+03 1.27557562e+03
 1.27557562e+03 1.27816019e+03 1.27816019e+03 1.27984672e+03
 1.28154174e+03 1.28389328e+03 1.29149799e+03 1.29149802e+03
 1.29357552e+03 1.29439408e+03 1.29585648e+03 1.29585648e+03
 1.29706652e+03 1.29777905e+03 1.29777905e+03 1.29978824e+03
 1.29978824e+03 1.29984241e+03 1.29984243e+03 1.30125720e+03
 1.30125720e+03 1.30328590e+03 1.31410887e+03 1.32017299e+03
 1.32261940e+03 1.32266834e+03 1.32266834e+03 1.34419233e+03
 1.34419233e+03 1.34427761e+03 1.34427762e+03 1.34630409e+03
 1.34630409e+03 1.34714664e+03 1.35554098e+03 1.35857641e+03
 1.36316537e+03 1.36316562e+03 1.36910390e+03 1.36910390e+03
 1.37578087e+03 1.39620388e+03 1.39620388e+03 1.40865914e+03
 1.43848101e+03 1.47257430e+03 1.47257433e+03 1.47321612e+03
 1.47321612e+03 1.47781709e+03 1.49639093e+03 1.49874125e+03
 1.49874180e+03 1.49918139e+03 1.49918139e+03 1.49974320e+03
 1.49975013e+03 1.49978220e+03 1.49978220e+03 1.51169098e+03
 1.55495922e+03 1.55495922e+03 1.55504191e+03 1.55504204e+03
 1.55634648e+03 1.55634648e+03 1.56527325e+03 1.58296094e+03
 1.58296528e+03 1.58748035e+03 1.58748035e+03 1.59215519e+03
 1.60340291e+03 1.79867514e+03 2.20902670e+03 2.53407553e+03
 5.30838905e+03 5.30838905e+03 5.30974095e+03 5.32312376e+03
 5.34956708e+03 5.34960771e+03 5.34960771e+03 5.38572932e+03
 5.81160837e+03 6.59193502e+03 6.84231674e+03 6.84231674e+03
 6.84376765e+03 6.85720868e+03 6.88579139e+03 6.88583978e+03
 6.88583978e+03 6.91871229e+03 7.34005926e+03 8.09724581e+03]
DFT MO energy [eV]: -4.791479828168428
