converged SCF energy = -275.068797324588
Excited State energies (eV)
[6.16384787e-01 6.16384787e-01 2.85601363e+00 4.10501855e+00
 4.13344082e+00 4.13344238e+00 4.94781667e+00 4.94781667e+00
 5.21039057e+00 5.37277073e+00 5.37277073e+00 6.04706613e+00
 6.08782591e+00 6.08782591e+00 6.91683571e+00 7.19844149e+00
 7.19844149e+00 7.28829656e+00 7.28829680e+00 7.34498612e+00
 7.34498612e+00 7.35723516e+00 7.36424438e+00 7.75087956e+00
 7.75087956e+00 7.90971957e+00 7.90972049e+00 7.97468227e+00
 7.98046385e+00 7.98046515e+00 8.14058265e+00 8.14058265e+00
 8.42713524e+00 8.73984007e+00 8.73984007e+00 9.51454272e+00
 9.59399344e+00 9.59399344e+00 1.03442655e+01 1.35968585e+01
 1.35968585e+01 1.42713953e+01 1.50942946e+01 1.50942946e+01
 1.55601018e+01 1.55601026e+01 1.56256446e+01 1.56386505e+01
 1.57347097e+01 1.57347097e+01 1.58916093e+01 1.58953585e+01
 1.58953585e+01 1.59059439e+01 1.59059446e+01 1.59723249e+01
 1.59723249e+01 1.60647694e+01 1.60647694e+01 1.60668327e+01
 1.62929606e+01 1.62929687e+01 1.64067896e+01 1.65300434e+01
 1.65300465e+01 1.65884315e+01 1.66002369e+01 1.67892426e+01
 1.67892426e+01 1.75020806e+01 1.75020806e+01 1.77211319e+01
 1.78961533e+01 1.78961533e+01 1.81899977e+01 1.81899987e+01
 1.83419265e+01 1.83419281e+01 1.84823266e+01 1.84823266e+01
 1.84844437e+01 1.84844464e+01 1.86065350e+01 1.86065350e+01
 1.89499444e+01 1.89499444e+01 1.94005370e+01 1.95724007e+01
 2.03800815e+01 2.03800815e+01 2.16364495e+01 2.16974159e+01
 2.16974188e+01 2.18419631e+01 2.21665145e+01 2.23695476e+01
 2.23695476e+01 2.27203876e+01 2.33501580e+01 2.33501584e+01
 2.34000519e+01 2.34000519e+01 2.39913784e+01 2.42563943e+01
 2.42563943e+01 2.59533241e+01 2.77423239e+01 2.77423239e+01
 2.85842305e+01 2.97091386e+01 3.00281975e+01 3.00281975e+01
 3.12492638e+01 3.17171713e+01 3.17171713e+01 3.19038888e+01
 3.19111601e+01 3.19111651e+01 3.21017139e+01 3.21017139e+01
 3.23644241e+01 3.28737408e+01 3.28737408e+01 3.41518980e+01
 3.41518993e+01 3.44524037e+01 3.44524037e+01 3.52767490e+01
 3.72410865e+01 3.72410865e+01 3.79382196e+01 3.79382196e+01
 3.84939775e+01 3.84940017e+01 3.90698083e+01 3.90698083e+01
 4.04694386e+01 4.04694386e+01 4.07080330e+01 4.19642537e+01
 4.19642552e+01 4.20023351e+01 4.21233857e+01 4.22894966e+01
 4.22894966e+01 4.35204241e+01 4.35204241e+01 4.37056660e+01
 4.37056748e+01 4.37949989e+01 4.39006786e+01 4.40840872e+01
 4.57347101e+01 4.57347101e+01 4.58404316e+01 4.58404316e+01
 4.60347937e+01 4.60977409e+01 4.60977573e+01 4.62417330e+01
 4.63805129e+01 4.65398664e+01 4.67218223e+01 4.67218223e+01
 4.67746050e+01 4.67746050e+01 4.69134194e+01 4.69134194e+01
 4.70378569e+01 4.70378725e+01 4.75013442e+01 4.76176239e+01
 4.76176253e+01 4.77636087e+01 4.88791647e+01 4.88791647e+01
 4.91837467e+01 4.91837467e+01 4.92371327e+01 4.92390256e+01
 4.92390258e+01 4.96639816e+01 4.96882404e+01 4.96882404e+01
 4.97245311e+01 5.06064257e+01 5.06402556e+01 5.06402556e+01
 5.14193682e+01 5.14193682e+01 5.14293265e+01 5.26331378e+01
 5.26331378e+01 5.26414054e+01 5.26414059e+01 5.26865911e+01
 5.26868295e+01 5.26868295e+01 5.26944593e+01 5.26944593e+01
 5.27184702e+01 5.27184702e+01 5.30579626e+01 5.32291817e+01
 5.34788151e+01 5.35078229e+01 5.35078229e+01 5.35520506e+01
 5.35520506e+01 5.36114329e+01 5.36114330e+01 5.36179878e+01
 5.37293718e+01 5.39204115e+01 5.39204305e+01 5.50420584e+01
 5.50420584e+01 5.50821431e+01 5.61260959e+01 5.80919932e+01
 5.80919932e+01 5.84837627e+01 5.84837627e+01 5.85017369e+01
 5.95255858e+01 5.95255858e+01 5.96826498e+01 6.03390785e+01
 6.03390785e+01 6.03590044e+01 6.03590044e+01 6.03672351e+01
 6.03672353e+01 6.03938224e+01 6.04073362e+01 6.05252156e+01
 6.05252156e+01 6.05456885e+01 6.05456938e+01 6.06461513e+01
 6.08150139e+01 6.08150139e+01 6.09290634e+01 6.09290634e+01
 6.10100495e+01 6.10388904e+01 6.10388905e+01 6.10458333e+01
 6.10847158e+01 6.10847158e+01 6.14091640e+01 6.14456720e+01
 6.14456720e+01 6.24044453e+01 6.24044453e+01 6.24366454e+01
 6.28233309e+01 6.28233451e+01 6.28529750e+01 6.28529750e+01
 6.29292910e+01 6.29292910e+01 6.29337776e+01 6.29729437e+01
 6.34000734e+01 6.34000753e+01 6.34478644e+01 6.34478644e+01
 6.34726665e+01 6.34726665e+01 6.35297260e+01 6.35297260e+01
 6.35463312e+01 6.35463313e+01 6.35627548e+01 6.35627550e+01
 6.38874438e+01 6.38874438e+01 6.43116880e+01 6.43116880e+01
 6.46950224e+01 6.59109362e+01 6.64412556e+01 6.64412556e+01
 6.71700074e+01 6.71700074e+01 6.71769397e+01 6.71769403e+01
 6.72181271e+01 6.72555483e+01 6.81765284e+01 7.33051660e+01
 7.33051660e+01 7.34558619e+01 7.56495881e+01 7.60956202e+01
 7.60956202e+01 7.61638257e+01 8.07076157e+01 8.24702659e+01
 8.40375871e+01 8.40375871e+01 8.41125693e+01 8.41125935e+01
 8.42010655e+01 8.42010655e+01 8.42550498e+01 8.42550498e+01
 8.47010416e+01 8.47010416e+01 8.48552988e+01 8.54040067e+01
 8.54674173e+01 8.54760703e+01 8.54760703e+01 8.55380727e+01
 8.55380777e+01 8.61791013e+01 8.74576917e+01 8.74576921e+01
 8.74831621e+01 8.74831621e+01 8.78203213e+01 8.80393871e+01
 8.80393871e+01 8.82651211e+01 8.83765975e+01 8.83765975e+01
 8.97768219e+01 8.98189706e+01 8.98190925e+01 8.99297893e+01
 8.99297893e+01 9.00066164e+01 9.00066262e+01 9.00325351e+01
 9.00325351e+01 9.01576238e+01 9.01576238e+01 9.02872974e+01
 9.02872987e+01 9.03621617e+01 9.06818116e+01 9.07531714e+01
 9.07531714e+01 9.08973491e+01 9.08973504e+01 9.09351857e+01
 9.12003444e+01 9.12003665e+01 9.12367242e+01 9.12367242e+01
 9.18794411e+01 9.18794411e+01 9.19693306e+01 9.19693680e+01
 9.20836519e+01 9.25331590e+01 9.28543185e+01 9.28543291e+01
 9.28698439e+01 9.32246860e+01 9.32246860e+01 9.32395008e+01
 9.35030317e+01 9.35030317e+01 9.39309464e+01 9.39309467e+01
 9.39610869e+01 9.39720401e+01 9.40198580e+01 9.40198580e+01
 9.42431675e+01 9.42431675e+01 9.50372237e+01 9.50372237e+01
 9.51538826e+01 9.52155125e+01 9.53494645e+01 9.53494645e+01
 9.53937913e+01 9.53937967e+01 9.60488905e+01 9.60684767e+01
 9.60684767e+01 9.64237565e+01 9.74991410e+01 9.76882110e+01
 9.76882110e+01 9.82232175e+01 9.82232196e+01 9.83246099e+01
 9.83246099e+01 9.92999563e+01 1.01967642e+02 1.01967642e+02
 1.03958695e+02 1.04019328e+02 1.04019328e+02 1.05024095e+02
 1.05024095e+02 1.06312277e+02 1.06312277e+02 1.06391802e+02
 1.06412039e+02 1.06412072e+02 1.08265920e+02 1.08525119e+02
 1.08525119e+02 1.09230773e+02 1.09230773e+02 1.10972090e+02
 1.11011000e+02 1.11011240e+02 1.11092503e+02 1.12364876e+02
 1.12364876e+02 1.12411307e+02 1.12411307e+02 1.12928596e+02
 1.15314165e+02 1.15314213e+02 1.15722751e+02 1.17996195e+02
 1.18259298e+02 1.18259298e+02 1.18975850e+02 1.18975874e+02
 1.19846798e+02 1.20789139e+02 1.20789139e+02 1.21122913e+02
 1.22799721e+02 1.22799721e+02 1.23090778e+02 1.24942766e+02
 1.25361581e+02 1.25361581e+02 1.25478848e+02 1.25478861e+02
 1.25942061e+02 1.25942061e+02 1.26287321e+02 1.26287639e+02
 1.28733622e+02 1.28733622e+02 1.30057338e+02 1.32078195e+02
 1.32078195e+02 1.37737097e+02 1.37737106e+02 1.37815512e+02
 1.37815512e+02 1.37868302e+02 1.37868302e+02 1.37870025e+02
 1.37870025e+02 1.37928378e+02 1.37928378e+02 1.37929191e+02
 1.37929191e+02 1.38381403e+02 1.39600175e+02 1.39600175e+02
 1.39664664e+02 1.39664668e+02 1.39679949e+02 1.39744801e+02
 1.40830925e+02 1.41079245e+02 1.41123836e+02 1.41123836e+02
 1.42612931e+02 1.42612943e+02 1.43316656e+02 1.44552785e+02
 1.44552785e+02 1.46888179e+02 1.47441772e+02 1.51632928e+02
 1.51632928e+02 1.51753123e+02 1.55399932e+02 1.55399932e+02
 1.57366282e+02 1.57366510e+02 1.57485477e+02 1.57485477e+02
 1.57485954e+02 1.57485954e+02 1.58575969e+02 1.58764547e+02
 1.58764547e+02 1.63210072e+02 1.63210072e+02 1.63338429e+02
 1.63338459e+02 1.63338459e+02 1.63350277e+02 1.69756331e+02
 1.69850781e+02 1.69850781e+02 1.71189882e+02 1.72614908e+02
 1.72614919e+02 1.72679384e+02 1.72679384e+02 1.74462836e+02
 1.74462836e+02 1.75877366e+02 1.86591588e+02 1.91403014e+02
 1.91403014e+02 1.91526210e+02 1.91528405e+02 1.91528406e+02
 1.91535026e+02 1.92236219e+02 1.92236446e+02 1.98088305e+02
 1.98088305e+02 2.03553164e+02 2.03708763e+02 2.03708763e+02
 2.04666952e+02 2.22353355e+02 2.22353355e+02 2.22397666e+02
 2.22397666e+02 2.22816260e+02 2.22816281e+02 2.22877859e+02
 2.22877877e+02 2.22902966e+02 2.22916932e+02 2.23375492e+02
 2.23375492e+02 2.26278080e+02 2.26278080e+02 2.27256940e+02
 2.27256940e+02 2.27751828e+02 2.38315739e+02 2.38315760e+02
 2.38453115e+02 2.38811024e+02 2.38811024e+02 2.41498986e+02
 2.41498986e+02 2.42302841e+02 2.43194593e+02 2.44725565e+02
 2.44725565e+02 2.45004341e+02 2.45004468e+02 2.45411701e+02
 2.45411701e+02 2.45606598e+02 2.45607877e+02 2.45681955e+02
 2.45681955e+02 2.46299368e+02 2.46451454e+02 2.46451702e+02
 2.46932232e+02 2.46932232e+02 2.47090598e+02 2.47189718e+02
 2.47189908e+02 2.47532494e+02 2.47532494e+02 2.47712732e+02
 2.47712732e+02 2.48287904e+02 2.48293686e+02 2.56802499e+02
 2.56802499e+02 2.57011139e+02 2.57686926e+02 2.60506449e+02
 2.60506656e+02 2.61000764e+02 2.61000764e+02 2.61619383e+02
 2.61619383e+02 2.61634435e+02 2.61641261e+02 2.62163800e+02
 2.62163820e+02 2.62347668e+02 2.62347668e+02 2.62753509e+02
 2.62753509e+02 2.62955231e+02 2.63086217e+02 2.63086220e+02
 2.65575046e+02 2.67060148e+02 2.67060148e+02 2.72309938e+02
 2.79896314e+02 2.79896314e+02 2.82364097e+02 2.85879372e+02
 2.86433661e+02 2.86433661e+02 2.93530054e+02 2.93530412e+02
 2.93676664e+02 2.93676664e+02 2.93689799e+02 2.93689799e+02
 2.94062950e+02 2.94062950e+02 2.94196737e+02 2.94196737e+02
 2.94196992e+02 2.94196994e+02 2.94542814e+02 2.94542815e+02
 2.94549799e+02 2.94563500e+02 2.94563500e+02 2.94723007e+02
 2.94728992e+02 2.94846139e+02 2.94846139e+02 2.94852125e+02
 2.94852125e+02 2.94934978e+02 3.00079881e+02 3.00079903e+02
 3.00791223e+02 3.00791223e+02 3.00994804e+02 3.00997041e+02
 3.01215509e+02 3.01215509e+02 3.01808678e+02 3.02350289e+02
 3.02350289e+02 3.02400856e+02 3.02400999e+02 3.02621701e+02
 3.02621701e+02 3.03110623e+02 3.03111426e+02 3.03518785e+02
 3.03828620e+02 3.03888818e+02 3.03888818e+02 3.04279850e+02
 3.04280200e+02 3.04918775e+02 3.04918775e+02 3.05258029e+02
 3.12227021e+02 3.12227021e+02 3.13586179e+02 3.17224264e+02
 3.17224604e+02 3.17274245e+02 3.17274245e+02 3.18438826e+02
 3.18438826e+02 3.22606930e+02 3.27144088e+02 3.28422341e+02
 3.28422705e+02 3.28865925e+02 3.28865925e+02 3.28943159e+02
 3.28943159e+02 3.29333736e+02 3.29333736e+02 3.29594516e+02
 3.29600502e+02 3.31398051e+02 3.31398051e+02 3.31509258e+02
 3.31512455e+02 3.34030832e+02 3.34031167e+02 3.34967385e+02
 3.35034168e+02 3.36013973e+02 3.36013973e+02 3.37764867e+02
 3.39385391e+02 3.39385391e+02 3.40921660e+02 3.45094644e+02
 3.45098460e+02 3.49414837e+02 3.49414837e+02 3.50270134e+02
 3.50270134e+02 3.50662708e+02 3.50662742e+02 3.50699904e+02
 3.50699904e+02 3.50803729e+02 3.50803729e+02 3.50804007e+02
 3.50804007e+02 3.50830286e+02 3.50830286e+02 3.50830423e+02
 3.50830424e+02 3.51863692e+02 3.51863692e+02 3.52001942e+02
 3.52001944e+02 3.52008499e+02 3.52028249e+02 3.52171920e+02
 3.54052158e+02 3.60449014e+02 3.60615293e+02 3.60615293e+02
 3.67108168e+02 3.79107775e+02 3.79111373e+02 3.79241260e+02
 3.79241260e+02 3.79244859e+02 3.79244859e+02 3.83499842e+02
 3.83499842e+02 3.83639743e+02 3.83642319e+02 3.83642319e+02
 3.83645873e+02 3.85548613e+02 3.85548645e+02 3.85577222e+02
 3.85577222e+02 3.86751593e+02 3.86751593e+02 3.88083985e+02
 3.88235674e+02 3.88235674e+02 3.95396765e+02 3.99746328e+02
 3.99883378e+02 3.99883378e+02 4.13987529e+02 4.13991127e+02
 4.18387262e+02 4.18387262e+02 4.22979412e+02 4.34630458e+02
 5.13860456e+02 5.17956124e+02 5.17956124e+02 5.19216300e+02
 5.20089298e+02 5.21285563e+02 5.21285564e+02 5.21330681e+02
 5.21330681e+02 5.21681753e+02 5.21795915e+02 5.21795915e+02
 5.23428366e+02 5.27601524e+02 5.28833058e+02 5.29522315e+02
 5.29522315e+02 5.29873407e+02 5.29873413e+02 5.29953355e+02
 5.29953355e+02 5.29975928e+02 5.30226293e+02 5.30226293e+02
 5.32017967e+02 5.32017969e+02 5.32418706e+02 5.32418706e+02
 5.32882632e+02 5.35659272e+02 5.35659272e+02 5.41527802e+02
 5.43524441e+02 5.50764876e+02 5.50764898e+02 5.53113016e+02
 5.56048850e+02 5.56048850e+02 5.57054528e+02 5.57054528e+02
 5.57360932e+02 5.59770055e+02 5.59770055e+02 5.60828778e+02
 5.60828794e+02 5.61302771e+02 5.61302771e+02 5.63386725e+02
 5.73498448e+02 5.79793068e+02 6.03705641e+02 6.03705641e+02
 6.03772703e+02 6.03772713e+02 6.05832221e+02 6.05832221e+02
 6.08255554e+02 6.17925155e+02 6.21466533e+02 6.21466737e+02
 6.27517854e+02 6.27517854e+02 6.34691841e+02 6.56220823e+02
 6.56220823e+02 6.68687968e+02 7.36349346e+02 7.36349367e+02
 7.36799145e+02 7.36799145e+02 7.41151325e+02 7.54832307e+02
 7.58072172e+02 7.58072548e+02 7.58529812e+02 7.58529812e+02
 7.59119652e+02 7.59125625e+02 7.59226656e+02 7.59226656e+02
 7.70131049e+02 8.12970026e+02 8.12970026e+02 8.12992617e+02
 8.12992636e+02 8.14268850e+02 8.14268850e+02 8.23146001e+02
 8.38769634e+02 8.38773183e+02 8.43240378e+02 8.43240378e+02
 8.48169891e+02 8.68220104e+02 9.44260113e+02 9.44260113e+02
 9.44717032e+02 9.60188630e+02 9.80903786e+02 9.80903786e+02
 9.80919077e+02 1.01924461e+03 1.27206073e+03 1.27549593e+03
 1.27549593e+03 1.27693645e+03 1.27770821e+03 1.27896563e+03
 1.27896563e+03 1.27900626e+03 1.27900626e+03 1.27981127e+03
 1.27991826e+03 1.27991826e+03 1.28133255e+03 1.28473045e+03
 1.28514525e+03 1.28514525e+03 1.28664853e+03 1.28664853e+03
 1.28686995e+03 1.28686996e+03 1.28721478e+03 1.28726784e+03
 1.28726784e+03 1.28733608e+03 1.28772850e+03 1.28923677e+03
 1.28923677e+03 1.28977576e+03 1.28977576e+03 1.28988291e+03
 1.28988291e+03 1.29057962e+03 1.29348788e+03 1.29348788e+03
 1.29954253e+03 1.30183192e+03 1.30234502e+03 1.31050217e+03
 1.31050220e+03 1.31077414e+03 1.31148313e+03 1.31148313e+03
 1.31412356e+03 1.31608877e+03 1.31608878e+03 1.31635958e+03
 1.31635958e+03 1.31716383e+03 1.31716383e+03 1.32022534e+03
 1.32022534e+03 1.32079069e+03 1.33037825e+03 1.33581253e+03
 1.33595550e+03 1.33595550e+03 1.33851534e+03 1.36415969e+03
 1.36415970e+03 1.36422663e+03 1.36422663e+03 1.36592270e+03
 1.36592270e+03 1.36741171e+03 1.37069989e+03 1.37777391e+03
 1.38378138e+03 1.38378161e+03 1.38963362e+03 1.38963362e+03
 1.39610918e+03 1.41782419e+03 1.41782419e+03 1.43000140e+03
 1.45825950e+03 1.48557489e+03 1.48557491e+03 1.48644589e+03
 1.48644589e+03 1.49126197e+03 1.51341803e+03 1.51996259e+03
 1.51996295e+03 1.52048810e+03 1.52048810e+03 1.52078412e+03
 1.52078412e+03 1.52114061e+03 1.52114660e+03 1.52872191e+03
 1.57709302e+03 1.57709305e+03 1.57712265e+03 1.57712265e+03
 1.57828322e+03 1.57828322e+03 1.58690474e+03 1.60553277e+03
 1.60553637e+03 1.60993220e+03 1.60993220e+03 1.61452433e+03
 1.62616955e+03 1.80173510e+03 2.21690824e+03 2.56224442e+03
 5.33412154e+03 5.33412154e+03 5.33451685e+03 5.35002440e+03
 5.36841628e+03 5.36841645e+03 5.36841645e+03 5.40675948e+03
 5.84813116e+03 6.59957782e+03 6.86440255e+03 6.86440255e+03
 6.86648930e+03 6.87967270e+03 6.91472939e+03 6.91487332e+03
 6.91487332e+03 6.94961742e+03 7.35055517e+03 8.14116164e+03]
DFT MO energy [eV]: -6.074690631979919
