converged SCF energy = -275.068797324588

WARN: Ground state SCF is not converged

Excited State energies (eV)
[2.83400804e+00 2.83400804e+00 4.91021093e+00 5.41994926e+00
 5.57791644e+00 5.57791657e+00 6.49132044e+00 6.49132044e+00
 6.63560004e+00 6.80998993e+00 6.80998993e+00 7.11539719e+00
 7.11539719e+00 7.55541656e+00 8.17654767e+00 8.39646854e+00
 8.42734330e+00 8.42734331e+00 8.50824664e+00 8.50824664e+00
 8.60747930e+00 8.60747930e+00 8.66433722e+00 9.13553545e+00
 9.13553545e+00 9.33216694e+00 9.39296021e+00 9.39296040e+00
 9.53691242e+00 9.53691242e+00 9.61092798e+00 9.61092818e+00
 9.93844733e+00 1.04021546e+01 1.04021546e+01 1.13270200e+01
 1.13524790e+01 1.13524790e+01 1.21430697e+01 1.49066226e+01
 1.49066226e+01 1.62148273e+01 1.69722194e+01 1.70265020e+01
 1.70265021e+01 1.71572707e+01 1.72220429e+01 1.72220429e+01
 1.74694427e+01 1.74694427e+01 1.75350248e+01 1.75350248e+01
 1.77509496e+01 1.77570216e+01 1.77570216e+01 1.79096306e+01
 1.79096308e+01 1.82128549e+01 1.82178296e+01 1.82178296e+01
 1.85010871e+01 1.86672809e+01 1.87066716e+01 1.87066756e+01
 1.89414636e+01 1.90898944e+01 1.90898944e+01 1.92186041e+01
 1.92186047e+01 1.97289673e+01 1.97289673e+01 1.98786583e+01
 1.99686236e+01 1.99686236e+01 2.00599998e+01 2.00599998e+01
 2.01050967e+01 2.01050970e+01 2.06525264e+01 2.06525264e+01
 2.08908737e+01 2.08908737e+01 2.09457810e+01 2.09457838e+01
 2.09767446e+01 2.09767446e+01 2.17115125e+01 2.17115125e+01
 2.17613518e+01 2.20165677e+01 2.31116458e+01 2.32754109e+01
 2.36488434e+01 2.39884179e+01 2.39884180e+01 2.44695119e+01
 2.44695119e+01 2.45296602e+01 2.45296605e+01 2.50958956e+01
 2.50958956e+01 2.51286781e+01 2.57017919e+01 2.57583075e+01
 2.57583075e+01 2.78893114e+01 3.08086199e+01 3.08086199e+01
 3.09521276e+01 3.16245589e+01 3.30528519e+01 3.30528519e+01
 3.31258266e+01 3.31258266e+01 3.33693772e+01 3.34876027e+01
 3.34876074e+01 3.37994532e+01 3.39868369e+01 3.39868369e+01
 3.53087209e+01 3.54687203e+01 3.54687203e+01 3.59701340e+01
 3.59701340e+01 3.60374789e+01 3.60374815e+01 3.71967382e+01
 4.00810648e+01 4.00810648e+01 4.15121546e+01 4.15121546e+01
 4.15134735e+01 4.15134979e+01 4.20780459e+01 4.20780459e+01
 4.38108524e+01 4.38612926e+01 4.38644156e+01 4.38644156e+01
 4.40428856e+01 4.40428856e+01 4.41157779e+01 4.48900119e+01
 4.48900119e+01 4.59534436e+01 4.59534436e+01 4.68188988e+01
 4.68883707e+01 4.70256893e+01 4.75679404e+01 4.75679409e+01
 4.82537204e+01 4.82537204e+01 4.84494366e+01 4.87240194e+01
 4.87240194e+01 4.87369386e+01 4.87404260e+01 4.87404260e+01
 4.89846383e+01 4.89846387e+01 4.91649311e+01 4.93989313e+01
 4.94519317e+01 4.94519317e+01 4.96946026e+01 4.96946177e+01
 4.99670424e+01 4.99670424e+01 5.05905566e+01 5.10546604e+01
 5.10546604e+01 5.10770073e+01 5.11404916e+01 5.11404916e+01
 5.13782101e+01 5.16375419e+01 5.16375442e+01 5.18391259e+01
 5.20891471e+01 5.21355249e+01 5.21355249e+01 5.22047334e+01
 5.22047334e+01 5.27065614e+01 5.27065614e+01 5.27751796e+01
 5.27751796e+01 5.28005427e+01 5.37376908e+01 5.40375225e+01
 5.40375225e+01 5.40535266e+01 5.40570647e+01 5.40570650e+01
 5.41210157e+01 5.41210157e+01 5.41312395e+01 5.41312396e+01
 5.41372998e+01 5.41372998e+01 5.44155230e+01 5.46897655e+01
 5.47307861e+01 5.47307861e+01 5.49440278e+01 5.49440278e+01
 5.49892250e+01 5.50202148e+01 5.50202148e+01 5.52233567e+01
 5.66392376e+01 5.66392376e+01 5.66541083e+01 5.78421938e+01
 5.78422200e+01 5.83661336e+01 5.94439198e+01 5.99057836e+01
 5.99057836e+01 6.08078029e+01 6.08078029e+01 6.08616001e+01
 6.19899646e+01 6.19899646e+01 6.20870487e+01 6.26292774e+01
 6.26374517e+01 6.26893411e+01 6.26893411e+01 6.27018941e+01
 6.27018941e+01 6.27589599e+01 6.27589600e+01 6.30382597e+01
 6.30382644e+01 6.30418232e+01 6.31607979e+01 6.31607979e+01
 6.32649418e+01 6.32649418e+01 6.33616540e+01 6.33616540e+01
 6.34080076e+01 6.35573658e+01 6.35921890e+01 6.35921891e+01
 6.36446070e+01 6.36446070e+01 6.40106096e+01 6.42374786e+01
 6.42374786e+01 6.42787318e+01 6.42787318e+01 6.43010299e+01
 6.43243389e+01 6.43374266e+01 6.43374267e+01 6.47822759e+01
 6.47822910e+01 6.50869557e+01 6.51240609e+01 6.51240609e+01
 6.54239251e+01 6.54239275e+01 6.54822208e+01 6.54822208e+01
 6.54972734e+01 6.54972734e+01 6.55059728e+01 6.55059728e+01
 6.55611774e+01 6.55611774e+01 6.55738304e+01 6.55738305e+01
 6.63375980e+01 6.63375980e+01 6.68001958e+01 6.79311267e+01
 6.79311267e+01 6.90203224e+01 6.93059014e+01 6.93402776e+01
 6.93402777e+01 6.93530995e+01 6.93530995e+01 6.94795639e+01
 7.03219388e+01 7.03219388e+01 7.22060117e+01 7.57992763e+01
 7.57992763e+01 7.59180814e+01 7.82547413e+01 7.82599339e+01
 7.82599339e+01 7.85191941e+01 8.30758051e+01 8.58970298e+01
 8.58970298e+01 8.60183767e+01 8.60184010e+01 8.60865146e+01
 8.60865146e+01 8.61044510e+01 8.61044510e+01 8.65157290e+01
 8.68789968e+01 8.75265940e+01 8.79602983e+01 8.79602983e+01
 8.86213561e+01 8.88781796e+01 8.88781799e+01 8.88867572e+01
 8.88867572e+01 8.94679104e+01 8.94831105e+01 8.97741645e+01
 8.97741645e+01 9.00044677e+01 9.00044677e+01 9.06672794e+01
 9.06672795e+01 9.13615255e+01 9.17062654e+01 9.17062654e+01
 9.17564558e+01 9.24443470e+01 9.24443470e+01 9.24759569e+01
 9.24799219e+01 9.25041037e+01 9.25041037e+01 9.43446686e+01
 9.43446784e+01 9.43939966e+01 9.47327855e+01 9.47327855e+01
 9.47757327e+01 9.47757327e+01 9.49222119e+01 9.50275135e+01
 9.50275256e+01 9.50905323e+01 9.50905373e+01 9.52074140e+01
 9.52074143e+01 9.53945462e+01 9.53945462e+01 9.55076164e+01
 9.55076164e+01 9.55443095e+01 9.56659198e+01 9.56659198e+01
 9.60345461e+01 9.60345461e+01 9.62476146e+01 9.62846875e+01
 9.65294869e+01 9.65294873e+01 9.68622103e+01 9.68622213e+01
 9.74055005e+01 9.74971459e+01 9.74971459e+01 9.76195525e+01
 9.78754991e+01 9.78754991e+01 9.79013522e+01 9.79013696e+01
 9.79435500e+01 9.79435595e+01 9.80435319e+01 9.84240303e+01
 9.84240303e+01 9.86970640e+01 9.86970640e+01 9.87954244e+01
 9.90952720e+01 9.90952720e+01 9.92240385e+01 9.92240385e+01
 9.96308862e+01 1.00240533e+02 1.00240535e+02 1.00316097e+02
 1.00316097e+02 1.00577976e+02 1.00577976e+02 1.00649954e+02
 1.01206655e+02 1.03121321e+02 1.04117451e+02 1.04117451e+02
 1.08577849e+02 1.08686029e+02 1.08686029e+02 1.09506167e+02
 1.09506167e+02 1.10688949e+02 1.11058788e+02 1.11345032e+02
 1.11345032e+02 1.11661171e+02 1.11661178e+02 1.13301580e+02
 1.13848830e+02 1.13848830e+02 1.15043740e+02 1.15043964e+02
 1.15585751e+02 1.15585751e+02 1.15644916e+02 1.15644916e+02
 1.16631002e+02 1.16922703e+02 1.17658344e+02 1.17658344e+02
 1.19683836e+02 1.20846165e+02 1.20846189e+02 1.20885432e+02
 1.20885435e+02 1.23097348e+02 1.24056520e+02 1.24056520e+02
 1.24454265e+02 1.25556237e+02 1.25556237e+02 1.26805771e+02
 1.27008471e+02 1.27270094e+02 1.27270094e+02 1.27989058e+02
 1.27989058e+02 1.29954820e+02 1.29954820e+02 1.30564316e+02
 1.30564332e+02 1.31025750e+02 1.31596113e+02 1.31596113e+02
 1.32901093e+02 1.32901327e+02 1.33836405e+02 1.38641299e+02
 1.38641299e+02 1.39755805e+02 1.39755805e+02 1.39813778e+02
 1.39813778e+02 1.39813897e+02 1.39813897e+02 1.39841883e+02
 1.39841893e+02 1.39893732e+02 1.39893732e+02 1.39896695e+02
 1.39896695e+02 1.41941746e+02 1.42012688e+02 1.42012688e+02
 1.42064062e+02 1.42064062e+02 1.42251476e+02 1.43047301e+02
 1.43084215e+02 1.43084215e+02 1.44556025e+02 1.45892615e+02
 1.47832542e+02 1.49151394e+02 1.49151394e+02 1.49338022e+02
 1.49338033e+02 1.50846411e+02 1.54577011e+02 1.54577011e+02
 1.54712361e+02 1.55196696e+02 1.59344492e+02 1.59344720e+02
 1.59401697e+02 1.59401697e+02 1.59402100e+02 1.59402100e+02
 1.61108338e+02 1.61108338e+02 1.65295754e+02 1.65295754e+02
 1.65340894e+02 1.65346148e+02 1.65346148e+02 1.65360587e+02
 1.65384150e+02 1.65589816e+02 1.65589816e+02 1.72074645e+02
 1.72074645e+02 1.72160192e+02 1.74570621e+02 1.74570621e+02
 1.74651055e+02 1.74651065e+02 1.76823164e+02 1.76823164e+02
 1.77846827e+02 1.78010349e+02 1.89648538e+02 1.93433511e+02
 1.93433511e+02 1.93489600e+02 1.93490329e+02 1.93490329e+02
 1.93492166e+02 1.94158516e+02 1.94158744e+02 2.00104272e+02
 2.00104272e+02 2.05865575e+02 2.05905158e+02 2.05905158e+02
 2.06935584e+02 2.24401975e+02 2.24401975e+02 2.24433265e+02
 2.24433265e+02 2.25025316e+02 2.25067876e+02 2.25067876e+02
 2.25172257e+02 2.25343353e+02 2.25343374e+02 2.26044990e+02
 2.26044990e+02 2.28247305e+02 2.28247305e+02 2.29507505e+02
 2.29507505e+02 2.30488199e+02 2.40467493e+02 2.40467513e+02
 2.40662638e+02 2.41184194e+02 2.41184194e+02 2.45190113e+02
 2.45190113e+02 2.45641790e+02 2.46441582e+02 2.50573989e+02
 2.50573989e+02 2.50852661e+02 2.50852682e+02 2.51120239e+02
 2.51149760e+02 2.51149760e+02 2.51236379e+02 2.51237201e+02
 2.51809313e+02 2.51809313e+02 2.51898295e+02 2.51898472e+02
 2.52160017e+02 2.52160017e+02 2.52254601e+02 2.52259765e+02
 2.53140897e+02 2.53304210e+02 2.53304419e+02 2.53455060e+02
 2.53455060e+02 2.53792678e+02 2.53792678e+02 2.60787480e+02
 2.60787480e+02 2.61606167e+02 2.61905179e+02 2.67626750e+02
 2.67627126e+02 2.68060784e+02 2.68060784e+02 2.68613533e+02
 2.68619515e+02 2.68661983e+02 2.68661983e+02 2.70197523e+02
 2.70197538e+02 2.70682374e+02 2.71826201e+02 2.71826201e+02
 2.74451454e+02 2.74451454e+02 2.74766616e+02 2.74766622e+02
 2.77207046e+02 2.77308654e+02 2.77429233e+02 2.77429233e+02
 2.90892277e+02 2.91232138e+02 2.91232138e+02 2.93472133e+02
 2.93472133e+02 2.94656776e+02 2.95684373e+02 2.95684741e+02
 2.95742173e+02 2.95742173e+02 2.95793104e+02 2.95793104e+02
 2.96141959e+02 2.96141959e+02 2.96199041e+02 2.96199041e+02
 2.96199142e+02 2.96199142e+02 2.96730061e+02 2.96736046e+02
 2.96777297e+02 2.96788561e+02 2.96788561e+02 2.96794547e+02
 2.96794547e+02 2.96862176e+02 2.96862176e+02 2.97846515e+02
 2.97846515e+02 2.99634625e+02 3.07600092e+02 3.07739629e+02
 3.07739629e+02 3.07920316e+02 3.07920834e+02 3.08445661e+02
 3.08549732e+02 3.08549732e+02 3.08557252e+02 3.08557254e+02
 3.08625668e+02 3.08625668e+02 3.08760860e+02 3.08760860e+02
 3.09505449e+02 3.09505483e+02 3.11282505e+02 3.11282525e+02
 3.11461743e+02 3.11594731e+02 3.11595240e+02 3.11625908e+02
 3.11625908e+02 3.11703218e+02 3.11703218e+02 3.15808424e+02
 3.18493142e+02 3.18493142e+02 3.20022263e+02 3.25278030e+02
 3.25278030e+02 3.25377926e+02 3.25377975e+02 3.26671872e+02
 3.26671872e+02 3.28453934e+02 3.30502157e+02 3.30502525e+02
 3.30955946e+02 3.30955946e+02 3.31545405e+02 3.31551391e+02
 3.31732366e+02 3.31732366e+02 3.35294084e+02 3.36721319e+02
 3.36724841e+02 3.37118650e+02 3.37118650e+02 3.38271164e+02
 3.38271164e+02 3.40010745e+02 3.41099448e+02 3.41099516e+02
 3.43382847e+02 3.43382847e+02 3.43463374e+02 3.44053134e+02
 3.46022440e+02 3.46022440e+02 3.48916525e+02 3.52745998e+02
 3.52745998e+02 3.52778390e+02 3.52778430e+02 3.52804031e+02
 3.52804031e+02 3.52804036e+02 3.52804036e+02 3.52835364e+02
 3.52835364e+02 3.52835853e+02 3.52835853e+02 3.53472100e+02
 3.53475670e+02 3.54081795e+02 3.54081795e+02 3.54102721e+02
 3.54113142e+02 3.54113142e+02 3.54167080e+02 3.57805650e+02
 3.57805650e+02 3.57933351e+02 3.58031613e+02 3.58031613e+02
 3.62456704e+02 3.62950327e+02 3.62989847e+02 3.62989847e+02
 3.75467277e+02 3.81165825e+02 3.81169421e+02 3.81224110e+02
 3.81224110e+02 3.81227707e+02 3.81227707e+02 3.85612521e+02
 3.85612521e+02 3.85667803e+02 3.85668400e+02 3.85668400e+02
 3.85669734e+02 3.87560897e+02 3.87560897e+02 3.87592319e+02
 3.87592355e+02 3.88878964e+02 3.88878964e+02 3.90241038e+02
 3.90291854e+02 3.90291854e+02 3.97798326e+02 4.01868784e+02
 4.01916255e+02 4.01916255e+02 4.15980930e+02 4.15984526e+02
 4.20425410e+02 4.20425410e+02 4.25050297e+02 4.36676552e+02
 5.16868672e+02 5.19490669e+02 5.19490669e+02 5.20515255e+02
 5.21061674e+02 5.22385210e+02 5.22385210e+02 5.22444371e+02
 5.22444371e+02 5.23128308e+02 5.23461668e+02 5.23461668e+02
 5.25145430e+02 5.28861529e+02 5.30981382e+02 5.30981382e+02
 5.31162436e+02 5.31389713e+02 5.31389718e+02 5.31750648e+02
 5.31750648e+02 5.31778836e+02 5.33125777e+02 5.33125777e+02
 5.33802827e+02 5.33802830e+02 5.33884421e+02 5.33884421e+02
 5.34741396e+02 5.37725870e+02 5.37725870e+02 5.45127631e+02
 5.47042452e+02 5.54411439e+02 5.54411464e+02 5.56235978e+02
 5.57804886e+02 5.57804886e+02 5.59671352e+02 5.61005301e+02
 5.61005301e+02 5.62686598e+02 5.62686613e+02 5.62918710e+02
 5.62918710e+02 5.65562557e+02 5.65562557e+02 5.66781108e+02
 5.76027133e+02 5.83908611e+02 6.08144600e+02 6.08144600e+02
 6.08223826e+02 6.08223836e+02 6.10282373e+02 6.10282373e+02
 6.15612160e+02 6.23195741e+02 6.27826438e+02 6.27826671e+02
 6.33787306e+02 6.33787306e+02 6.41026681e+02 6.70329704e+02
 6.70329704e+02 6.82213976e+02 7.38370039e+02 7.38370060e+02
 7.39013028e+02 7.39013028e+02 7.43460745e+02 7.58865941e+02
 7.64073595e+02 7.64073963e+02 7.64535904e+02 7.64535904e+02
 7.65114357e+02 7.65114357e+02 7.65125453e+02 7.65131438e+02
 7.74266248e+02 8.21259075e+02 8.21259075e+02 8.21292744e+02
 8.21292781e+02 8.22567946e+02 8.22567946e+02 8.31444903e+02
 8.50978398e+02 8.50981989e+02 8.55420564e+02 8.55420564e+02
 8.60162325e+02 8.85251083e+02 9.46344866e+02 9.46344866e+02
 9.47309543e+02 9.62424110e+02 9.94939362e+02 9.94994955e+02
 9.94994955e+02 1.03236716e+03 1.27460232e+03 1.27744295e+03
 1.27744295e+03 1.27843947e+03 1.27910496e+03 1.28042793e+03
 1.28042793e+03 1.28043781e+03 1.28043781e+03 1.28103586e+03
 1.28132980e+03 1.28132980e+03 1.28295028e+03 1.28718337e+03
 1.28900634e+03 1.28902911e+03 1.28902911e+03 1.28937355e+03
 1.28937356e+03 1.28964628e+03 1.28985952e+03 1.28985952e+03
 1.29064913e+03 1.29064913e+03 1.29178620e+03 1.29178620e+03
 1.29186797e+03 1.29186797e+03 1.29268260e+03 1.29295262e+03
 1.29295262e+03 1.29362219e+03 1.29562148e+03 1.29562148e+03
 1.30212251e+03 1.30456355e+03 1.31057428e+03 1.31238669e+03
 1.31238671e+03 1.31465097e+03 1.31726030e+03 1.31726030e+03
 1.31825436e+03 1.31881607e+03 1.31881607e+03 1.32067570e+03
 1.32067571e+03 1.32074879e+03 1.32074879e+03 1.32256983e+03
 1.32256983e+03 1.32444879e+03 1.33554859e+03 1.33792829e+03
 1.33798536e+03 1.33798536e+03 1.34189818e+03 1.36612741e+03
 1.36612741e+03 1.36620599e+03 1.36620600e+03 1.36827406e+03
 1.36827406e+03 1.36938728e+03 1.37274238e+03 1.38091650e+03
 1.38571513e+03 1.38571536e+03 1.39165525e+03 1.39165525e+03
 1.39839638e+03 1.41980335e+03 1.41980335e+03 1.43220666e+03
 1.46031656e+03 1.49662865e+03 1.49662867e+03 1.49726302e+03
 1.49726302e+03 1.50189236e+03 1.52053175e+03 1.52205067e+03
 1.52205103e+03 1.52251271e+03 1.52251271e+03 1.52309958e+03
 1.52309958e+03 1.52310227e+03 1.52310825e+03 1.53649951e+03
 1.57911775e+03 1.57911775e+03 1.57914883e+03 1.57914886e+03
 1.58041859e+03 1.58041859e+03 1.58938822e+03 1.60753775e+03
 1.60754134e+03 1.61198155e+03 1.61198155e+03 1.61660389e+03
 1.62823003e+03 1.83904162e+03 2.24751160e+03 2.56429997e+03
 5.33620794e+03 5.33620794e+03 5.33714839e+03 5.35228261e+03
 5.38292911e+03 5.38298555e+03 5.38298555e+03 5.42158260e+03
 5.85018878e+03 6.67846876e+03 6.87139831e+03 6.87139831e+03
 6.87219673e+03 6.88912255e+03 6.91684728e+03 6.91690541e+03
 6.91690541e+03 6.95166232e+03 7.42460692e+03 8.14321936e+03]

WARN: Root finding for GW eigenvalue 72 did not converge. Setting it equal to the reference MO energy.

GW Energy:  -7.457399692525712 -1.7370598780559752
DFT MO energy [eV]: -6.074690631978296
